# JRE version: Java(TM) SE Runtime Environment (8.0_91-b14) (build 1.8.0_91-b14)
# Java VM: Java HotSpot(TM) 64-Bit Server VM (25.91-b14 mixed mode bsd-amd64 compressed oops)
Heap:
 PSYoungGen      total 242688K, used 24057K [0x00000007aab00000, 0x00000007bcb80000, 0x00000007c0000000)
  eden space 202240K, 8% used [0x00000007aab00000,0x00000007abc464b0,0x00000007b7080000)
  from space 40448K, 15% used [0x00000007b7080000,0x00000007b76b8000,0x00000007b9800000)
  to   space 38912K, 0% used [0x00000007ba580000,0x00000007ba580000,0x00000007bcb80000)
 ParOldGen       total 66048K, used 42757K [0x0000000780000000, 0x0000000784080000, 0x00000007aab00000)
  object space 66048K, 64% used [0x0000000780000000,0x00000007829c16b0,0x0000000784080000)
 Metaspace       used 70546K, capacity 76714K, committed 79104K, reserved 1118208K
  class space    used 8881K, capacity 9313K, committed 9984K, reserved 1048576K
GC Heap History (10 events):
Event: 22952.900 GC heap before
{Heap before GC invocations=127 (full 41):
 PSYoungGen      total 229888K, used 191952K [0x00000007aab00000, 0x00000007bc300000, 0x00000007c0000000)
  eden space 181248K, 100% used [0x00000007aab00000,0x00000007b5c00000,0x00000007b5c00000)
  from space 48640K, 22% used [0x00000007b5c00000,0x00000007b6674010,0x00000007b8b80000)
  to   space 46592K, 0% used [0x00000007b9580000,0x00000007b9580000,0x00000007bc300000)
 ParOldGen       total 66048K, used 36725K [0x0000000780000000, 0x0000000784080000, 0x00000007aab00000)
  object space 66048K, 55% used [0x0000000780000000,0x00000007823dd4e8,0x0000000784080000)
 Metaspace       used 70310K, capacity 76224K, committed 78848K, reserved 1118208K
  class space    used 8849K, capacity 9268K, committed 9984K, reserved 1048576K
Event: 22952.959 GC heap after
Heap after GC invocations=127 (full 41):
 PSYoungGen      total 243200K, used 15999K [0x00000007aab00000, 0x00000007bc480000, 0x00000007c0000000)
  eden space 196608K, 0% used [0x00000007aab00000,0x00000007aab00000,0x00000007b6b00000)
  from space 46592K, 34% used [0x00000007b9580000,0x00000007ba51fc50,0x00000007bc300000)
  to   space 43520K, 0% used [0x00000007b6b00000,0x00000007b6b00000,0x00000007b9580000)
 ParOldGen       total 66048K, used 36733K [0x0000000780000000, 0x0000000784080000, 0x00000007aab00000)
  object space 66048K, 55% used [0x0000000780000000,0x00000007823df4e8,0x0000000784080000)
 Metaspace       used 70310K, capacity 76224K, committed 78848K, reserved 1118208K
  class space    used 8849K, capacity 9268K, committed 9984K, reserved 1048576K
}
Event: 22954.167 GC heap before
{Heap before GC invocations=128 (full 41):
 PSYoungGen      total 243200K, used 42454K [0x00000007aab00000, 0x00000007bc480000, 0x00000007c0000000)
  eden space 196608K, 13% used [0x00000007aab00000,0x00000007ac4d5cc8,0x00000007b6b00000)
  from space 46592K, 34% used [0x00000007b9580000,0x00000007ba51fc50,0x00000007bc300000)
  to   space 43520K, 0% used [0x00000007b6b00000,0x00000007b6b00000,0x00000007b9580000)
 ParOldGen       total 66048K, used 36733K [0x0000000780000000, 0x0000000784080000, 0x00000007aab00000)
  object space 66048K, 55% used [0x0000000780000000,0x00000007823df4e8,0x0000000784080000)
 Metaspace       used 70334K, capacity 76264K, committed 78848K, reserved 1118208K
  class space    used 8853K, capacity 9275K, committed 9984K, reserved 1048576K
Event: 22954.185 GC heap after
Heap after GC invocations=128 (full 41):
 PSYoungGen      total 240128K, used 12464K [0x00000007aab00000, 0x00000007bc080000, 0x00000007c0000000)
  eden space 196608K, 0% used [0x00000007aab00000,0x00000007aab00000,0x00000007b6b00000)
  from space 43520K, 28% used [0x00000007b6b00000,0x00000007b772c320,0x00000007b9580000)
  to   space 41472K, 0% used [0x00000007b9800000,0x00000007b9800000,0x00000007bc080000)
 ParOldGen       total 66048K, used 36733K [0x0000000780000000, 0x0000000784080000, 0x00000007aab00000)
  object space 66048K, 55% used [0x0000000780000000,0x00000007823df4e8,0x0000000784080000)
 Metaspace       used 70334K, capacity 76264K, committed 78848K, reserved 1118208K
  class space    used 8853K, capacity 9275K, committed 9984K, reserved 1048576K
}
Event: 22954.185 GC heap before
{Heap before GC invocations=129 (full 42):
 PSYoungGen      total 240128K, used 12464K [0x00000007aab00000, 0x00000007bc080000, 0x00000007c0000000)
  eden space 196608K, 0% used [0x00000007aab00000,0x00000007aab00000,0x00000007b6b00000)
  from space 43520K, 28% used [0x00000007b6b00000,0x00000007b772c320,0x00000007b9580000)
  to   space 41472K, 0% used [0x00000007b9800000,0x00000007b9800000,0x00000007bc080000)
 ParOldGen       total 66048K, used 36733K [0x0000000780000000, 0x0000000784080000, 0x00000007aab00000)
  object space 66048K, 55% used [0x0000000780000000,0x00000007823df4e8,0x0000000784080000)
 Metaspace       used 70334K, capacity 76264K, committed 78848K, reserved 1118208K
  class space    used 8853K, capacity 9275K, committed 9984K, reserved 1048576K
Event: 22954.601 GC heap after
Heap after GC invocations=129 (full 42):
 PSYoungGen      total 240128K, used 0K [0x00000007aab00000, 0x00000007bc080000, 0x00000007c0000000)
  eden space 196608K, 0% used [0x00000007aab00000,0x00000007aab00000,0x00000007b6b00000)
  from space 43520K, 0% used [0x00000007b6b00000,0x00000007b6b00000,0x00000007b9580000)
  to   space 41472K, 0% used [0x00000007b9800000,0x00000007b9800000,0x00000007bc080000)
 ParOldGen       total 66048K, used 42749K [0x0000000780000000, 0x0000000784080000, 0x00000007aab00000)
  object space 66048K, 64% used [0x0000000780000000,0x00000007829bf6b0,0x0000000784080000)
 Metaspace       used 70254K, capacity 76090K, committed 78848K, reserved 1118208K
  class space    used 8836K, capacity 9257K, committed 9984K, reserved 1048576K
}
Event: 23003.883 GC heap before
{Heap before GC invocations=130 (full 42):
 PSYoungGen      total 240128K, used 196608K [0x00000007aab00000, 0x00000007bc080000, 0x00000007c0000000)
  eden space 196608K, 100% used [0x00000007aab00000,0x00000007b6b00000,0x00000007b6b00000)
  from space 43520K, 0% used [0x00000007b6b00000,0x00000007b6b00000,0x00000007b9580000)
  to   space 41472K, 0% used [0x00000007b9800000,0x00000007b9800000,0x00000007bc080000)
 ParOldGen       total 66048K, used 42749K [0x0000000780000000, 0x0000000784080000, 0x00000007aab00000)
  object space 66048K, 64% used [0x0000000780000000,0x00000007829bf6b0,0x0000000784080000)
 Metaspace       used 70374K, capacity 76338K, committed 78848K, reserved 1118208K
  class space    used 8859K, capacity 9285K, committed 9984K, reserved 1048576K
Event: 23003.893 GC heap after
Heap after GC invocations=130 (full 42):
 PSYoungGen      total 243712K, used 6032K [0x00000007aab00000, 0x00000007bcc00000, 0x00000007c0000000)
  eden space 202240K, 0% used [0x00000007aab00000,0x00000007aab00000,0x00000007b7080000)
  from space 41472K, 14% used [0x00000007b9800000,0x00000007b9de4010,0x00000007bc080000)
  to   space 40448K, 0% used [0x00000007b7080000,0x00000007b7080000,0x00000007b9800000)
 ParOldGen       total 66048K, used 42749K [0x0000000780000000, 0x0000000784080000, 0x00000007aab00000)
  object space 66048K, 64% used [0x0000000780000000,0x00000007829bf6b0,0x0000000784080000)
 Metaspace       used 70374K, capacity 76338K, committed 78848K, reserved 1118208K
  class space    used 8859K, capacity 9285K, committed 9984K, reserved 1048576K
}
Event: 23058.622 GC heap before
{Heap before GC invocations=131 (full 42):
 PSYoungGen      total 243712K, used 208272K [0x00000007aab00000, 0x00000007bcc00000, 0x00000007c0000000)
  eden space 202240K, 100% used [0x00000007aab00000,0x00000007b7080000,0x00000007b7080000)
  from space 41472K, 14% used [0x00000007b9800000,0x00000007b9de4010,0x00000007bc080000)
  to   space 40448K, 0% used [0x00000007b7080000,0x00000007b7080000,0x00000007b9800000)
 ParOldGen       total 66048K, used 42749K [0x0000000780000000, 0x0000000784080000, 0x00000007aab00000)
  object space 66048K, 64% used [0x0000000780000000,0x00000007829bf6b0,0x0000000784080000)
 Metaspace       used 70535K, capacity 76690K, committed 79104K, reserved 1118208K
  class space    used 8879K, capacity 9309K, committed 9984K, reserved 1048576K
Event: 23058.633 GC heap after
Heap after GC invocations=131 (full 42):
 PSYoungGen      total 242688K, used 6368K [0x00000007aab00000, 0x00000007bcb80000, 0x00000007c0000000)
  eden space 202240K, 0% used [0x00000007aab00000,0x00000007aab00000,0x00000007b7080000)
  from space 40448K, 15% used [0x00000007b7080000,0x00000007b76b8000,0x00000007b9800000)
  to   space 38912K, 0% used [0x00000007ba580000,0x00000007ba580000,0x00000007bcb80000)
 ParOldGen       total 66048K, used 42757K [0x0000000780000000, 0x0000000784080000, 0x00000007aab00000)
  object space 66048K, 64% used [0x0000000780000000,0x00000007829c16b0,0x0000000784080000)
 Metaspace       used 70535K, capacity 76690K, committed 79104K, reserved 1118208K
  class space    used 8879K, capacity 9309K, committed 9984K, reserved 1048576K
}

